<?xml version="1.0" encoding="UTF-8"?>
<testng-results ignored="0" total="1" passed="1" failed="0" skipped="0">
  <reporter-output>
  </reporter-output>
  <suite started-at="2026-09-09T18:06:02 IST" name="Default suite" finished-at="2026-09-09T18:06:39 IST" duration-ms="37662">
    <groups>
    </groups>
    <test started-at="2026-09-09T18:06:02 IST" name="Default test" finished-at="2026-09-09T18:06:39 IST" duration-ms="37662">
      <class name="TestCase.Exchange_Deposite_Non_Agriculture_Multiple_GSL_TestCase">
        <test-method is-config="true" signature="setup()[pri:0, instance:TestCase.Exchange_Deposite_Non_Agriculture_Multiple_GSL_TestCase@29d89d5d]" started-at="2026-09-09T18:06:02 IST" name="setup" finished-at="2026-09-09T18:06:05 IST" duration-ms="3655" status="PASS">
          <reporter-output>
          </reporter-output>
        </test-method> <!-- setup -->
        <test-method signature="Deposit_Confirm_WH_Checker()[pri:0, instance:TestCase.Exchange_Deposite_Non_Agriculture_Multiple_GSL_TestCase@29d89d5d]" started-at="2026-09-09T18:06:05 IST" name="Deposit_Confirm_WH_Checker" finished-at="2026-09-09T18:06:39 IST" duration-ms="33970" status="PASS">
          <reporter-output>
          </reporter-output>
        </test-method> <!-- Deposit_Confirm_WH_Checker -->
      </class> <!-- TestCase.Exchange_Deposite_Non_Agriculture_Multiple_GSL_TestCase -->
    </test> <!-- Default test -->
  </suite> <!-- Default suite -->
</testng-results>
